\BOOKMARK [1][-]{section.1}{Introducci\363n}{}% 1
\BOOKMARK [2][-]{subsection.1.1}{\277Que es Django?}{section.1}% 2
\BOOKMARK [2][-]{subsection.1.2}{\277Porqu\351 usarlo?}{section.1}% 3
\BOOKMARK [1][-]{section.2}{Iniciando un proyecto}{}% 4
\BOOKMARK [2][-]{subsection.2.1}{Entornos Virtuales}{section.2}% 5
\BOOKMARK [1][-]{section.3}{Comenzando con Django }{}% 6
\BOOKMARK [2][-]{subsection.3.1}{Escribiendo tu primera aplicaci\363n Django , parte 1}{section.3}% 7
\BOOKMARK [3][-]{subsubsection.3.1.1}{Creando un Proyecto}{subsection.3.1}% 8
\BOOKMARK [3][-]{subsubsection.3.1.2}{El servidor de desarrollo}{subsection.3.1}% 9
\BOOKMARK [3][-]{subsubsection.3.1.3}{Creando la aplicaci\363n de encuestas \(polls\)}{subsection.3.1}% 10
\BOOKMARK [3][-]{subsubsection.3.1.4}{Escribiendo la primer vista \(view\)}{subsection.3.1}% 11
\BOOKMARK [2][-]{subsection.3.2}{Escribiendo tu primera aplicaci\363n Django , parte 2}{section.3}% 12
\BOOKMARK [3][-]{subsubsection.3.2.1}{Configuraci\363n de la Base de Datos}{subsection.3.2}% 13
\BOOKMARK [3][-]{subsubsection.3.2.2}{Creando un Modelo}{subsection.3.2}% 14
\BOOKMARK [3][-]{subsubsection.3.2.3}{Modelos de Activaci\363n}{subsection.3.2}% 15
\BOOKMARK [3][-]{subsubsection.3.2.4}{Jugando con la API}{subsection.3.2}% 16
\BOOKMARK [3][-]{subsubsection.3.2.5}{Introducci\363n al administrador de Django }{subsection.3.2}% 17
\BOOKMARK [1][-]{section.4}{Referencias}{}% 18
\BOOKMARK [2][-]{subsection.4.1}{Refes de las partes de los tutoriales}{section.4}% 19
\BOOKMARK [2][-]{subsection.4.2}{Refes W3School}{section.4}% 20
\BOOKMARK [2][-]{subsection.4.3}{Atajos}{section.4}% 21
